2014-12-03 18:51:06,678 ERROR [Worker-14] - System.err - SLF4J: Failed to load class "org.slf4j.impl.StaticLoggerBinder".
2014-12-03 18:51:06,679 ERROR [Worker-14] - System.err - SLF4J: Defaulting to no-operation (NOP) logger implementation
2014-12-03 18:51:06,679 ERROR [Worker-14] - System.err - SLF4J: See http://www.slf4j.org/codes.html#StaticLoggerBinder for further details.
2014-12-03 20:05:11,885 ERROR [Worker-84] - SemanticHighlightingJob - Error while performing semantic highlighting
java.lang.RuntimeException: bad position: [10260:10248]
	at scala.sys.package$.error(package.scala:27)
	at scala.reflect.internal.util.RangePosition.<init>(Position.scala:273)
	at scala.reflect.internal.util.RangePosition.withStart(Position.scala:278)
	at scala.reflect.internal.util.RangePosition.withStart(Position.scala:271)
	at scala.tools.refactoring.common.PimpedTrees$TreeMethodsForPositions.namePosition(PimpedTrees.scala:168)
	at scala.tools.eclipse.semantichighlighting.classifier.SafeSymbol$class.safeSymbol(SafeSymbol.scala:122)
	at scala.tools.eclipse.semantichighlighting.classifier.SymbolClassification.safeSymbol(SymbolClassification.scala:37)
	at scala.tools.eclipse.semantichighlighting.classifier.SymbolClassification$$anonfun$5.apply(SymbolClassification.scala:68)
	at scala.tools.eclipse.semantichighlighting.classifier.SymbolClassification$$anonfun$5.apply(SymbolClassification.scala:66)
	at scala.collection.TraversableLike$$anonfun$flatMap$1.apply(TraversableLike.scala:251)
	at scala.collection.TraversableLike$$anonfun$flatMap$1.apply(TraversableLike.scala:251)
	at scala.collection.immutable.List.foreach(List.scala:318)
	at scala.collection.TraversableLike$class.flatMap(TraversableLike.scala:251)
	at scala.collection.AbstractTraversable.flatMap(Traversable.scala:105)
	at scala.tools.eclipse.semantichighlighting.classifier.SymbolClassification.classifySymbols(SymbolClassification.scala:66)
	at scala.tools.eclipse.semantichighlighting.Presenter$SemanticHighlightingJob$$anonfun$performSemanticHighlighting$1.apply(Presenter.scala:122)
	at scala.tools.eclipse.semantichighlighting.Presenter$SemanticHighlightingJob$$anonfun$performSemanticHighlighting$1.apply(Presenter.scala:118)
	at scala.tools.eclipse.ScalaPresentationCompiler.withSourceFile(ScalaPresentationCompiler.scala:108)
	at scala.tools.eclipse.ScalaProject$$anonfun$withSourceFile$1.apply(ScalaProject.scala:602)
	at scala.tools.eclipse.ScalaProject$$anonfun$withSourceFile$1.apply(ScalaProject.scala:601)
	at scala.tools.eclipse.ScalaProject$$anonfun$withPresentationCompiler$1.apply(ScalaProject.scala:595)
	at scala.tools.eclipse.ScalaProject$$anonfun$withPresentationCompiler$1.apply(ScalaProject.scala:594)
	at scala.tools.eclipse.util.Cached$class.apply(Cached.scala:41)
	at scala.tools.eclipse.ScalaProject$$anon$1.apply(ScalaProject.scala:95)
	at scala.tools.eclipse.ScalaProject.withPresentationCompiler(ScalaProject.scala:594)
	at scala.tools.eclipse.ScalaProject.withSourceFile(ScalaProject.scala:603)
	at scala.tools.eclipse.InteractiveCompilationUnit$class.withSourceFile(InteractiveCompilationUnit.scala:66)
	at scala.tools.eclipse.javaelements.ScalaSourceFile.withSourceFile(ScalaSourceFile.scala:69)
	at scala.tools.eclipse.semantichighlighting.Presenter$SemanticHighlightingJob.performSemanticHighlighting(Presenter.scala:145)
	at scala.tools.eclipse.semantichighlighting.Presenter$SemanticHighlightingJob.run(Presenter.scala:114)
	at org.eclipse.core.internal.jobs.Worker.run(Worker.java:53)
2014-12-04 12:05:13,923 ERROR [Worker-91] - System.err - SLF4J: Failed to load class "org.slf4j.impl.StaticLoggerBinder".
2014-12-04 12:05:13,928 ERROR [Worker-91] - System.err - SLF4J: Defaulting to no-operation (NOP) logger implementation
2014-12-04 12:05:13,928 ERROR [Worker-91] - System.err - SLF4J: See http://www.slf4j.org/codes.html#StaticLoggerBinder for further details.
2014-12-05 20:22:19,514 ERROR [Worker-22] - System.err - SLF4J: Failed to load class "org.slf4j.impl.StaticLoggerBinder".
2014-12-05 20:22:19,534 ERROR [Worker-22] - System.err - SLF4J: Defaulting to no-operation (NOP) logger implementation
2014-12-05 20:22:19,534 ERROR [Worker-22] - System.err - SLF4J: See http://www.slf4j.org/codes.html#StaticLoggerBinder for further details.
2014-12-07 07:15:09,664  WARN [org.eclipse.jdt.internal.ui.text.JavaReconciler] - ImplicitHighlightingPresenter - Timeout while waiting for `askLoadedTyped` during implicit highlighting.
2014-12-07 09:30:05,522 ERROR [Worker-103] - System.err - SLF4J: Failed to load class "org.slf4j.impl.StaticLoggerBinder".
2014-12-07 09:30:05,522 ERROR [Worker-103] - System.err - SLF4J: Defaulting to no-operation (NOP) logger implementation
2014-12-07 09:30:05,522 ERROR [Worker-103] - System.err - SLF4J: See http://www.slf4j.org/codes.html#StaticLoggerBinder for further details.
